[2025-09-06 19:33:58] [INFO] ğŸš€ Bot khá»Ÿi Ä‘á»™ng...
[2025-09-06 19:33:58] [INFO] âœ… Connector 'mock' sáºµn sÃ ng.
[2025-09-06 19:33:58] [INFO] ğŸ’¬ Tin nháº¯n má»›i tá»« u1 (u1): hello
[2025-09-06 19:33:58] [INFO] ğŸ“¤ ÄÃ£ tráº£ lá»i u1: ChÃ o báº¡n! MÃ¬nh cÃ³ thá»ƒ há»— trá»£ gÃ¬ hÃ´m nay?
[2025-09-06 19:33:58] [INFO] ğŸ’¬ Tin nháº¯n má»›i tá»« u2 (u2): giÃ¡ bao nhiÃªu
[2025-09-06 19:33:58] [INFO] ğŸ“¤ ÄÃ£ tráº£ lá»i u2: ChÃ o báº¡n! MÃ¬nh cÃ³ thá»ƒ há»— trá»£ gÃ¬ hÃ´m nay?
[2025-09-06 19:43:58] [INFO] ğŸ” Health-check: OK
[2025-09-06 19:50:38] [INFO] ğŸš€ Bot khá»Ÿi Ä‘á»™ng...
[2025-09-06 19:50:38] [INFO] âœ… Connector 'mock' sáºµn sÃ ng.
[2025-09-06 19:50:38] [INFO] ğŸ’¬ Tin nháº¯n má»›i tá»« u1 (u1): hello
[2025-09-06 19:50:38] [INFO] ğŸ“¤ ÄÃ£ tráº£ lá»i u1: ChÃ o báº¡n! MÃ¬nh cÃ³ thá»ƒ há»— trá»£ gÃ¬ hÃ´m nay?
[2025-09-06 19:50:38] [INFO] ğŸ’¬ Tin nháº¯n má»›i tá»« u2 (u2): giÃ¡ bao nhiÃªu
[2025-09-06 19:50:38] [INFO] ğŸ“¤ ÄÃ£ tráº£ lá»i u2: ChÃ o báº¡n! MÃ¬nh cÃ³ thá»ƒ há»— trá»£ gÃ¬ hÃ´m nay?
[2025-09-06 19:55:40] [INFO] ğŸš€ Bot khá»Ÿi Ä‘á»™ng...
[2025-09-06 19:55:45] [INFO] âœ… Connector 'telegram' sáºµn sÃ ng.
[2025-09-06 19:56:24] [INFO] ğŸ’¬ Tin nháº¯n má»›i tá»« 6562158780 (6562158780): hi
[2025-09-06 19:56:27] [INFO] ğŸ“¤ ÄÃ£ tráº£ lá»i 6562158780: ChÃ o báº¡n! MÃ¬nh cÃ³ thá»ƒ há»— trá»£ gÃ¬ hÃ´m nay?
[2025-09-06 19:56:41] [INFO] ğŸ’¬ Tin nháº¯n má»›i tá»« 6562158780 (6562158780): giÃ¡
[2025-09-06 19:56:43] [INFO] ğŸ“¤ ÄÃ£ tráº£ lá»i 6562158780: Báº£ng giÃ¡: https://example.com/pricing
[2025-09-06 19:59:30] [INFO] ğŸ’¬ Tin nháº¯n má»›i tá»« 6562158780 (6562158780): hi
[2025-09-06 19:59:32] [INFO] ğŸ“¤ ÄÃ£ tráº£ lá»i 6562158780: ChÃ o báº¡n! MÃ¬nh cÃ³ thá»ƒ há»— trá»£ gÃ¬ hÃ´m nay?
[2025-09-06 20:05:47] [INFO] ğŸ” Health-check: OK
[2025-09-06 20:15:47] [INFO] ğŸ” Health-check: OK
[2025-09-06 20:25:39] [INFO] ğŸ’¬ Tin nháº¯n má»›i tá»« 6562158780 (6562158780): help
[2025-09-06 20:25:41] [INFO] ğŸ“¤ ÄÃ£ tráº£ lá»i 6562158780: Báº¡n mÃ´ táº£ váº¥n Ä‘á», mÃ¬nh sáº½ cá»‘ gáº¯ng trá»£ giÃºp nhanh nháº¥t.
[2025-09-06 20:25:47] [INFO] ğŸ” Health-check: OK
[2025-09-06 20:35:47] [INFO] ğŸ” Health-check: OK
[2025-09-08 14:36:05] [INFO] ğŸš€ Bot khá»Ÿi Ä‘á»™ng...
[2025-09-08 14:36:06] [INFO] âœ… Connector 'telegram' sáºµn sÃ ng.
[2025-09-08 14:40:13] [INFO] ğŸ’¬ Tin nháº¯n má»›i tá»« 6562158780 (6562158780): hi
[2025-09-08 14:40:15] [INFO] ğŸ“¤ ÄÃ£ tráº£ lá»i 6562158780: ChÃ o báº¡n! MÃ¬nh cÃ³ thá»ƒ há»— trá»£ gÃ¬ hÃ´m nay?
[2025-09-08 14:40:24] [INFO] ğŸ’¬ Tin nháº¯n má»›i tá»« 6562158780 (6562158780): HÃ´m nay trá»i Ä‘áº¹p k
[2025-09-08 14:40:25] [INFO] ğŸ“¤ ÄÃ£ tráº£ lá»i 6562158780: CÃ¡m Æ¡n báº¡n Ä‘Ã£ nháº¯n tin! Team sáº½ pháº£n há»“i sá»›m nháº¥t.
[2025-09-08 14:40:44] [INFO] ğŸ’¬ Tin nháº¯n má»›i tá»« 6562158780 (6562158780): Báº¡n tÃªn gÃ¬
[2025-09-08 14:40:45] [INFO] ğŸ“¤ ÄÃ£ tráº£ lá»i 6562158780: CÃ¡m Æ¡n báº¡n Ä‘Ã£ nháº¯n tin! Team sáº½ pháº£n há»“i sá»›m nháº¥t.
[2025-09-08 14:46:08] [INFO] ğŸ” Health-check: OK
[2025-09-08 14:46:27] [INFO] ğŸ’¬ Tin nháº¯n má»›i tá»« 6562158780 (6562158780): Gemini
[2025-09-08 14:46:29] [INFO] ğŸ“¤ ÄÃ£ tráº£ lá»i 6562158780: CÃ¡m Æ¡n báº¡n Ä‘Ã£ nháº¯n tin! Team sáº½ pháº£n há»“i sá»›m nháº¥t.
[2025-09-08 14:50:56] [INFO] ğŸ’¬ Tin nháº¯n má»›i tá»« 6562158780 (6562158780): ?? Viáº¿t Ä‘oáº¡n chÃ o khÃ¡ch
[2025-09-08 14:50:58] [INFO] ğŸ“¤ ÄÃ£ tráº£ lá»i 6562158780: ChÃ o báº¡n! MÃ¬nh cÃ³ thá»ƒ há»— trá»£ gÃ¬ hÃ´m nay?
[2025-09-08 14:51:07] [INFO] ğŸ’¬ Tin nháº¯n má»›i tá»« 6562158780 (6562158780): :)) hi
[2025-09-08 14:51:09] [INFO] ğŸ“¤ ÄÃ£ tráº£ lá»i 6562158780: ChÃ o báº¡n! MÃ¬nh cÃ³ thá»ƒ há»— trá»£ gÃ¬ hÃ´m nay?
[2025-09-08 14:51:32] [INFO] ğŸ’¬ Tin nháº¯n má»›i tá»« 6562158780 (6562158780): Ã€ táº¡o 1 Ä‘oáº¡n vá» thá»i tiáº¿t hÃ´m nay Ä‘i
[2025-09-08 14:51:33] [INFO] ğŸ“¤ ÄÃ£ tráº£ lá»i 6562158780: CÃ¡m Æ¡n báº¡n Ä‘Ã£ nháº¯n tin! Team sáº½ pháº£n há»“i sá»›m nháº¥t.
[2025-09-08 14:52:05] [INFO] ğŸ’¬ Tin nháº¯n má»›i tá»« 6562158780 (6562158780): ?? ChÃ o trá»i hÃ´m nay Ä‘áº¹p k
[2025-09-08 14:52:06] [INFO] ğŸ“¤ ÄÃ£ tráº£ lá»i 6562158780: ChÃ o báº¡n! MÃ¬nh cÃ³ thá»ƒ há»— trá»£ gÃ¬ hÃ´m nay?
[2025-09-08 14:52:24] [INFO] ğŸ’¬ Tin nháº¯n má»›i tá»« 6562158780 (6562158780): ?? Trá»i hÃ´m nay Ä‘áº¹p k
[2025-09-08 14:52:26] [INFO] ğŸ“¤ ÄÃ£ tráº£ lá»i 6562158780: CÃ¡m Æ¡n báº¡n Ä‘Ã£ nháº¯n tin! Team sáº½ pháº£n há»“i sá»›m nháº¥t.
[2025-09-08 14:56:08] [INFO] ğŸ” Health-check: OK
[2025-09-08 15:02:16] [INFO] ğŸš€ Bot khá»Ÿi Ä‘á»™ng...
[2025-09-08 15:02:18] [INFO] âœ… Connector 'telegram' sáºµn sÃ ng.
[2025-09-08 15:02:29] [INFO] ğŸ’¬ Tin nháº¯n má»›i tá»« 6562158780 (6562158780): Trá»i hÃ´m nay Ä‘áº¹p k ?
[2025-09-08 15:02:32] [INFO] ğŸ“¤ ÄÃ£ tráº£ lá»i 6562158780: TÃ¹y thuá»™c vÃ o khu vá»±c báº¡n á»Ÿ nhÃ©!  Cho mÃ¬nh biáº¿t Ä‘á»‹a Ä‘iá»ƒm Ä‘á»ƒ mÃ¬nh tráº£ lá»i chÃ­nh xÃ¡c hÆ¡n.

[2025-09-08 15:02:41] [INFO] ğŸ’¬ Tin nháº¯n má»›i tá»« 6562158780 (6562158780): Báº¡n lÃ  ai ?
[2025-09-08 15:02:44] [INFO] ğŸ“¤ ÄÃ£ tráº£ lá»i 6562158780: TÃ´i lÃ  má»™t trá»£ lÃ½ áº£o, Ä‘Æ°á»£c láº­p trÃ¬nh Ä‘á»ƒ giÃºp Ä‘á»¡ báº¡n.

[2025-09-08 15:02:58] [INFO] ğŸ’¬ Tin nháº¯n má»›i tá»« 6562158780 (6562158780): Báº¡n sÃ i mÃ´ hÃ¬nh gÃ¬ ?
[2025-09-08 15:03:01] [INFO] ğŸ“¤ ÄÃ£ tráº£ lá»i 6562158780: TÃ´i lÃ  mÃ´ hÃ¬nh ngÃ´n ngá»¯ lá»›n, Ä‘Æ°á»£c huáº¥n luyá»‡n bá»Ÿi Google.

[2025-09-08 15:03:20] [INFO] ğŸ’¬ Tin nháº¯n má»›i tá»« 6562158780 (6562158780): Báº¡n cÃ³ giá»›i háº¡n sá»‘ cÃ¢u tráº£ lá»i trong ngÃ y k
[2025-09-08 15:03:24] [INFO] ğŸ“¤ ÄÃ£ tráº£ lá»i 6562158780: KhÃ´ng, tÃ´i khÃ´ng cÃ³ giá»›i háº¡n sá»‘ cÃ¢u tráº£ lá»i trong ngÃ y.

[2025-09-08 15:03:32] [INFO] ğŸ’¬ Tin nháº¯n má»›i tá»« 6562158780 (6562158780): HO
[2025-09-08 15:03:35] [INFO] ğŸ“¤ ÄÃ£ tráº£ lá»i 6562158780: HO lÃ  viáº¿t táº¯t cá»§a gÃ¬ váº­y?  TÃ´i cáº§n thÃªm thÃ´ng tin Ä‘á»ƒ tráº£ lá»i báº¡n.

[2025-09-08 15:03:40] [INFO] ğŸ’¬ Tin nháº¯n má»›i tá»« 6562158780 (6562158780): hi
[2025-09-08 15:03:42] [INFO] ğŸ“¤ ÄÃ£ tráº£ lá»i 6562158780: ChÃ o báº¡n! MÃ¬nh cÃ³ thá»ƒ há»— trá»£ gÃ¬ hÃ´m nay?
[2025-09-08 15:06:43] [INFO] ğŸ’¬ Tin nháº¯n má»›i tá»« 6562158780 (6562158780): Báº¡n tÃªn gÃ¬
[2025-09-08 15:06:46] [INFO] ğŸ“¤ ÄÃ£ tráº£ lá»i 6562158780: TÃ´i lÃ  má»™t trá»£ lÃ½ AI, tÃ´i khÃ´ng cÃ³ tÃªn.

[2025-09-08 15:12:13] [ERROR] Lá»—i vÃ²ng láº·p: HTTPSConnectionPool(host='api.telegram.org', port=443): Read timed out. (read timeout=30)
Traceback (most recent call last):
  File "C:\Users\Thinkpad A485\Desktop\selfhosted_chatbot_core\venv\Lib\site-packages\urllib3\connectionpool.py", line 464, in _make_request
    self._validate_conn(conn)
    ~~~~~~~~~~~~~~~~~~~^^^^^^
  File "C:\Users\Thinkpad A485\Desktop\selfhosted_chatbot_core\venv\Lib\site-packages\urllib3\connectionpool.py", line 1093, in _validate_conn
    conn.connect()
    ~~~~~~~~~~~~^^
  File "C:\Users\Thinkpad A485\Desktop\selfhosted_chatbot_core\venv\Lib\site-packages\urllib3\connection.py", line 790, in connect
    sock_and_verified = _ssl_wrap_socket_and_match_hostname(
        sock=sock,
    ...<14 lines>...
        assert_fingerprint=self.assert_fingerprint,
    )
  File "C:\Users\Thinkpad A485\Desktop\selfhosted_chatbot_core\venv\Lib\site-packages\urllib3\connection.py", line 969, in _ssl_wrap_socket_and_match_hostname
    ssl_sock = ssl_wrap_socket(
        sock=sock,
    ...<8 lines>...
        tls_in_tls=tls_in_tls,
    )
  File "C:\Users\Thinkpad A485\Desktop\selfhosted_chatbot_core\venv\Lib\site-packages\urllib3\util\ssl_.py", line 480, in ssl_wrap_socket
    ssl_sock = _ssl_wrap_socket_impl(sock, context, tls_in_tls, server_hostname)
  File "C:\Users\Thinkpad A485\Desktop\selfhosted_chatbot_core\venv\Lib\site-packages\urllib3\util\ssl_.py", line 524, in _ssl_wrap_socket_impl
    return ssl_context.wrap_socket(sock, server_hostname=server_hostname)
           ~~~~~~~~~~~~~~~~~~~~~~~^^^^^^^^^^^^^^^^^^^^^^^^^^^^^^^^^^^^^^^
  File "C:\Users\Thinkpad A485\AppData\Local\Programs\Python\Python313\Lib\ssl.py", line 455, in wrap_socket
    return self.sslsocket_class._create(
           ~~~~~~~~~~~~~~~~~~~~~~~~~~~~^
        sock=sock,
        ^^^^^^^^^^
    ...<5 lines>...
        session=session
        ^^^^^^^^^^^^^^^
    )
    ^
  File "C:\Users\Thinkpad A485\AppData\Local\Programs\Python\Python313\Lib\ssl.py", line 1076, in _create
    self.do_handshake()
    ~~~~~~~~~~~~~~~~~^^
  File "C:\Users\Thinkpad A485\AppData\Local\Programs\Python\Python313\Lib\ssl.py", line 1372, in do_handshake
    self._sslobj.do_handshake()
    ~~~~~~~~~~~~~~~~~~~~~~~~~^^
TimeoutError: _ssl.c:1015: The handshake operation timed out

The above exception was the direct cause of the following exception:

Traceback (most recent call last):
  File "C:\Users\Thinkpad A485\Desktop\selfhosted_chatbot_core\venv\Lib\site-packages\requests\adapters.py", line 644, in send
    resp = conn.urlopen(
        method=request.method,
    ...<9 lines>...
        chunked=chunked,
    )
  File "C:\Users\Thinkpad A485\Desktop\selfhosted_chatbot_core\venv\Lib\site-packages\urllib3\connectionpool.py", line 841, in urlopen
    retries = retries.increment(
        method, url, error=new_e, _pool=self, _stacktrace=sys.exc_info()[2]
    )
  File "C:\Users\Thinkpad A485\Desktop\selfhosted_chatbot_core\venv\Lib\site-packages\urllib3\util\retry.py", line 474, in increment
    raise reraise(type(error), error, _stacktrace)
          ~~~~~~~^^^^^^^^^^^^^^^^^^^^^^^^^^^^^^^^^
  File "C:\Users\Thinkpad A485\Desktop\selfhosted_chatbot_core\venv\Lib\site-packages\urllib3\util\util.py", line 39, in reraise
    raise value
  File "C:\Users\Thinkpad A485\Desktop\selfhosted_chatbot_core\venv\Lib\site-packages\urllib3\connectionpool.py", line 787, in urlopen
    response = self._make_request(
        conn,
    ...<10 lines>...
        **response_kw,
    )
  File "C:\Users\Thinkpad A485\Desktop\selfhosted_chatbot_core\venv\Lib\site-packages\urllib3\connectionpool.py", line 488, in _make_request
    raise new_e
  File "C:\Users\Thinkpad A485\Desktop\selfhosted_chatbot_core\venv\Lib\site-packages\urllib3\connectionpool.py", line 466, in _make_request
    self._raise_timeout(err=e, url=url, timeout_value=conn.timeout)
    ~~~~~~~~~~~~~~~~~~~^^^^^^^^^^^^^^^^^^^^^^^^^^^^^^^^^^^^^^^^^^^^
  File "C:\Users\Thinkpad A485\Desktop\selfhosted_chatbot_core\venv\Lib\site-packages\urllib3\connectionpool.py", line 367, in _raise_timeout
    raise ReadTimeoutError(
        self, url, f"Read timed out. (read timeout={timeout_value})"
    ) from err
urllib3.exceptions.ReadTimeoutError: HTTPSConnectionPool(host='api.telegram.org', port=443): Read timed out. (read timeout=30)

During handling of the above exception, another exception occurred:

Traceback (most recent call last):
  File "C:\Users\Thinkpad A485\Desktop\selfhosted_chatbot_core\selfhosted_chatbot_core\bot.py", line 77, in loop
    msgs = self.connector.get_new_messages()
  File "C:\Users\Thinkpad A485\Desktop\selfhosted_chatbot_core\selfhosted_chatbot_core\connectors\telegram_connector.py", line 18, in get_new_messages
    r = requests.get(API_URL.format(token=self.token, method="getUpdates"), params=params, timeout=30)
  File "C:\Users\Thinkpad A485\Desktop\selfhosted_chatbot_core\venv\Lib\site-packages\requests\api.py", line 73, in get
    return request("get", url, params=params, **kwargs)
  File "C:\Users\Thinkpad A485\Desktop\selfhosted_chatbot_core\venv\Lib\site-packages\requests\api.py", line 59, in request
    return session.request(method=method, url=url, **kwargs)
           ~~~~~~~~~~~~~~~^^^^^^^^^^^^^^^^^^^^^^^^^^^^^^^^^^
  File "C:\Users\Thinkpad A485\Desktop\selfhosted_chatbot_core\venv\Lib\site-packages\requests\sessions.py", line 589, in request
    resp = self.send(prep, **send_kwargs)
  File "C:\Users\Thinkpad A485\Desktop\selfhosted_chatbot_core\venv\Lib\site-packages\requests\sessions.py", line 703, in send
    r = adapter.send(request, **kwargs)
  File "C:\Users\Thinkpad A485\Desktop\selfhosted_chatbot_core\venv\Lib\site-packages\requests\adapters.py", line 690, in send
    raise ReadTimeout(e, request=request)
requests.exceptions.ReadTimeout: HTTPSConnectionPool(host='api.telegram.org', port=443): Read timed out. (read timeout=30)
[2025-09-08 15:12:32] [INFO] ğŸ” Health-check: FAIL
[2025-09-08 15:12:58] [ERROR] Lá»—i vÃ²ng láº·p: HTTPSConnectionPool(host='api.telegram.org', port=443): Read timed out. (read timeout=30)
Traceback (most recent call last):
  File "C:\Users\Thinkpad A485\Desktop\selfhosted_chatbot_core\venv\Lib\site-packages\urllib3\connectionpool.py", line 464, in _make_request
    self._validate_conn(conn)
    ~~~~~~~~~~~~~~~~~~~^^^^^^
  File "C:\Users\Thinkpad A485\Desktop\selfhosted_chatbot_core\venv\Lib\site-packages\urllib3\connectionpool.py", line 1093, in _validate_conn
    conn.connect()
    ~~~~~~~~~~~~^^
  File "C:\Users\Thinkpad A485\Desktop\selfhosted_chatbot_core\venv\Lib\site-packages\urllib3\connection.py", line 790, in connect
    sock_and_verified = _ssl_wrap_socket_and_match_hostname(
        sock=sock,
    ...<14 lines>...
        assert_fingerprint=self.assert_fingerprint,
    )
  File "C:\Users\Thinkpad A485\Desktop\selfhosted_chatbot_core\venv\Lib\site-packages\urllib3\connection.py", line 969, in _ssl_wrap_socket_and_match_hostname
    ssl_sock = ssl_wrap_socket(
        sock=sock,
    ...<8 lines>...
        tls_in_tls=tls_in_tls,
    )
  File "C:\Users\Thinkpad A485\Desktop\selfhosted_chatbot_core\venv\Lib\site-packages\urllib3\util\ssl_.py", line 480, in ssl_wrap_socket
    ssl_sock = _ssl_wrap_socket_impl(sock, context, tls_in_tls, server_hostname)
  File "C:\Users\Thinkpad A485\Desktop\selfhosted_chatbot_core\venv\Lib\site-packages\urllib3\util\ssl_.py", line 524, in _ssl_wrap_socket_impl
    return ssl_context.wrap_socket(sock, server_hostname=server_hostname)
           ~~~~~~~~~~~~~~~~~~~~~~~^^^^^^^^^^^^^^^^^^^^^^^^^^^^^^^^^^^^^^^
  File "C:\Users\Thinkpad A485\AppData\Local\Programs\Python\Python313\Lib\ssl.py", line 455, in wrap_socket
    return self.sslsocket_class._create(
           ~~~~~~~~~~~~~~~~~~~~~~~~~~~~^
        sock=sock,
        ^^^^^^^^^^
    ...<5 lines>...
        session=session
        ^^^^^^^^^^^^^^^
    )
    ^
  File "C:\Users\Thinkpad A485\AppData\Local\Programs\Python\Python313\Lib\ssl.py", line 1076, in _create
    self.do_handshake()
    ~~~~~~~~~~~~~~~~~^^
  File "C:\Users\Thinkpad A485\AppData\Local\Programs\Python\Python313\Lib\ssl.py", line 1372, in do_handshake
    self._sslobj.do_handshake()
    ~~~~~~~~~~~~~~~~~~~~~~~~~^^
TimeoutError: _ssl.c:1015: The handshake operation timed out

The above exception was the direct cause of the following exception:

Traceback (most recent call last):
  File "C:\Users\Thinkpad A485\Desktop\selfhosted_chatbot_core\venv\Lib\site-packages\requests\adapters.py", line 644, in send
    resp = conn.urlopen(
        method=request.method,
    ...<9 lines>...
        chunked=chunked,
    )
  File "C:\Users\Thinkpad A485\Desktop\selfhosted_chatbot_core\venv\Lib\site-packages\urllib3\connectionpool.py", line 841, in urlopen
    retries = retries.increment(
        method, url, error=new_e, _pool=self, _stacktrace=sys.exc_info()[2]
    )
  File "C:\Users\Thinkpad A485\Desktop\selfhosted_chatbot_core\venv\Lib\site-packages\urllib3\util\retry.py", line 474, in increment
    raise reraise(type(error), error, _stacktrace)
          ~~~~~~~^^^^^^^^^^^^^^^^^^^^^^^^^^^^^^^^^
  File "C:\Users\Thinkpad A485\Desktop\selfhosted_chatbot_core\venv\Lib\site-packages\urllib3\util\util.py", line 39, in reraise
    raise value
  File "C:\Users\Thinkpad A485\Desktop\selfhosted_chatbot_core\venv\Lib\site-packages\urllib3\connectionpool.py", line 787, in urlopen
    response = self._make_request(
        conn,
    ...<10 lines>...
        **response_kw,
    )
  File "C:\Users\Thinkpad A485\Desktop\selfhosted_chatbot_core\venv\Lib\site-packages\urllib3\connectionpool.py", line 488, in _make_request
    raise new_e
  File "C:\Users\Thinkpad A485\Desktop\selfhosted_chatbot_core\venv\Lib\site-packages\urllib3\connectionpool.py", line 466, in _make_request
    self._raise_timeout(err=e, url=url, timeout_value=conn.timeout)
    ~~~~~~~~~~~~~~~~~~~^^^^^^^^^^^^^^^^^^^^^^^^^^^^^^^^^^^^^^^^^^^^
  File "C:\Users\Thinkpad A485\Desktop\selfhosted_chatbot_core\venv\Lib\site-packages\urllib3\connectionpool.py", line 367, in _raise_timeout
    raise ReadTimeoutError(
        self, url, f"Read timed out. (read timeout={timeout_value})"
    ) from err
urllib3.exceptions.ReadTimeoutError: HTTPSConnectionPool(host='api.telegram.org', port=443): Read timed out. (read timeout=30)

During handling of the above exception, another exception occurred:

Traceback (most recent call last):
  File "C:\Users\Thinkpad A485\Desktop\selfhosted_chatbot_core\selfhosted_chatbot_core\bot.py", line 77, in loop
    msgs = self.connector.get_new_messages()
  File "C:\Users\Thinkpad A485\Desktop\selfhosted_chatbot_core\selfhosted_chatbot_core\connectors\telegram_connector.py", line 18, in get_new_messages
    r = requests.get(API_URL.format(token=self.token, method="getUpdates"), params=params, timeout=30)
  File "C:\Users\Thinkpad A485\Desktop\selfhosted_chatbot_core\venv\Lib\site-packages\requests\api.py", line 73, in get
    return request("get", url, params=params, **kwargs)
  File "C:\Users\Thinkpad A485\Desktop\selfhosted_chatbot_core\venv\Lib\site-packages\requests\api.py", line 59, in request
    return session.request(method=method, url=url, **kwargs)
           ~~~~~~~~~~~~~~~^^^^^^^^^^^^^^^^^^^^^^^^^^^^^^^^^^
  File "C:\Users\Thinkpad A485\Desktop\selfhosted_chatbot_core\venv\Lib\site-packages\requests\sessions.py", line 589, in request
    resp = self.send(prep, **send_kwargs)
  File "C:\Users\Thinkpad A485\Desktop\selfhosted_chatbot_core\venv\Lib\site-packages\requests\sessions.py", line 703, in send
    r = adapter.send(request, **kwargs)
  File "C:\Users\Thinkpad A485\Desktop\selfhosted_chatbot_core\venv\Lib\site-packages\requests\adapters.py", line 690, in send
    raise ReadTimeout(e, request=request)
requests.exceptions.ReadTimeout: HTTPSConnectionPool(host='api.telegram.org', port=443): Read timed out. (read timeout=30)
[2025-09-08 15:13:02] [INFO] ğŸ’¬ Tin nháº¯n má»›i tá»« 6562158780 (6562158780): NgÃ y thÆ°Æ¡ng binh liá»‡t sÄ© lÃ  ngÃ y nÃ o
[2025-09-08 15:13:35] [ERROR] Lá»—i vÃ²ng láº·p: HTTPSConnectionPool(host='api.telegram.org', port=443): Read timed out. (read timeout=30)
Traceback (most recent call last):
  File "C:\Users\Thinkpad A485\Desktop\selfhosted_chatbot_core\venv\Lib\site-packages\urllib3\connectionpool.py", line 464, in _make_request
    self._validate_conn(conn)
    ~~~~~~~~~~~~~~~~~~~^^^^^^
  File "C:\Users\Thinkpad A485\Desktop\selfhosted_chatbot_core\venv\Lib\site-packages\urllib3\connectionpool.py", line 1093, in _validate_conn
    conn.connect()
    ~~~~~~~~~~~~^^
  File "C:\Users\Thinkpad A485\Desktop\selfhosted_chatbot_core\venv\Lib\site-packages\urllib3\connection.py", line 790, in connect
    sock_and_verified = _ssl_wrap_socket_and_match_hostname(
        sock=sock,
    ...<14 lines>...
        assert_fingerprint=self.assert_fingerprint,
    )
  File "C:\Users\Thinkpad A485\Desktop\selfhosted_chatbot_core\venv\Lib\site-packages\urllib3\connection.py", line 969, in _ssl_wrap_socket_and_match_hostname
    ssl_sock = ssl_wrap_socket(
        sock=sock,
    ...<8 lines>...
        tls_in_tls=tls_in_tls,
    )
  File "C:\Users\Thinkpad A485\Desktop\selfhosted_chatbot_core\venv\Lib\site-packages\urllib3\util\ssl_.py", line 480, in ssl_wrap_socket
    ssl_sock = _ssl_wrap_socket_impl(sock, context, tls_in_tls, server_hostname)
  File "C:\Users\Thinkpad A485\Desktop\selfhosted_chatbot_core\venv\Lib\site-packages\urllib3\util\ssl_.py", line 524, in _ssl_wrap_socket_impl
    return ssl_context.wrap_socket(sock, server_hostname=server_hostname)
           ~~~~~~~~~~~~~~~~~~~~~~~^^^^^^^^^^^^^^^^^^^^^^^^^^^^^^^^^^^^^^^
  File "C:\Users\Thinkpad A485\AppData\Local\Programs\Python\Python313\Lib\ssl.py", line 455, in wrap_socket
    return self.sslsocket_class._create(
           ~~~~~~~~~~~~~~~~~~~~~~~~~~~~^
        sock=sock,
        ^^^^^^^^^^
    ...<5 lines>...
        session=session
        ^^^^^^^^^^^^^^^
    )
    ^
  File "C:\Users\Thinkpad A485\AppData\Local\Programs\Python\Python313\Lib\ssl.py", line 1076, in _create
    self.do_handshake()
    ~~~~~~~~~~~~~~~~~^^
  File "C:\Users\Thinkpad A485\AppData\Local\Programs\Python\Python313\Lib\ssl.py", line 1372, in do_handshake
    self._sslobj.do_handshake()
    ~~~~~~~~~~~~~~~~~~~~~~~~~^^
TimeoutError: _ssl.c:1015: The handshake operation timed out

The above exception was the direct cause of the following exception:

Traceback (most recent call last):
  File "C:\Users\Thinkpad A485\Desktop\selfhosted_chatbot_core\venv\Lib\site-packages\requests\adapters.py", line 644, in send
    resp = conn.urlopen(
        method=request.method,
    ...<9 lines>...
        chunked=chunked,
    )
  File "C:\Users\Thinkpad A485\Desktop\selfhosted_chatbot_core\venv\Lib\site-packages\urllib3\connectionpool.py", line 841, in urlopen
    retries = retries.increment(
        method, url, error=new_e, _pool=self, _stacktrace=sys.exc_info()[2]
    )
  File "C:\Users\Thinkpad A485\Desktop\selfhosted_chatbot_core\venv\Lib\site-packages\urllib3\util\retry.py", line 474, in increment
    raise reraise(type(error), error, _stacktrace)
          ~~~~~~~^^^^^^^^^^^^^^^^^^^^^^^^^^^^^^^^^
  File "C:\Users\Thinkpad A485\Desktop\selfhosted_chatbot_core\venv\Lib\site-packages\urllib3\util\util.py", line 39, in reraise
    raise value
  File "C:\Users\Thinkpad A485\Desktop\selfhosted_chatbot_core\venv\Lib\site-packages\urllib3\connectionpool.py", line 787, in urlopen
    response = self._make_request(
        conn,
    ...<10 lines>...
        **response_kw,
    )
  File "C:\Users\Thinkpad A485\Desktop\selfhosted_chatbot_core\venv\Lib\site-packages\urllib3\connectionpool.py", line 488, in _make_request
    raise new_e
  File "C:\Users\Thinkpad A485\Desktop\selfhosted_chatbot_core\venv\Lib\site-packages\urllib3\connectionpool.py", line 466, in _make_request
    self._raise_timeout(err=e, url=url, timeout_value=conn.timeout)
    ~~~~~~~~~~~~~~~~~~~^^^^^^^^^^^^^^^^^^^^^^^^^^^^^^^^^^^^^^^^^^^^
  File "C:\Users\Thinkpad A485\Desktop\selfhosted_chatbot_core\venv\Lib\site-packages\urllib3\connectionpool.py", line 367, in _raise_timeout
    raise ReadTimeoutError(
        self, url, f"Read timed out. (read timeout={timeout_value})"
    ) from err
urllib3.exceptions.ReadTimeoutError: HTTPSConnectionPool(host='api.telegram.org', port=443): Read timed out. (read timeout=30)

During handling of the above exception, another exception occurred:

Traceback (most recent call last):
  File "C:\Users\Thinkpad A485\Desktop\selfhosted_chatbot_core\selfhosted_chatbot_core\bot.py", line 101, in loop
    self.connector.send_message(m.thread_id, reply)
    ~~~~~~~~~~~~~~~~~~~~~~~~~~~^^^^^^^^^^^^^^^^^^^^
  File "C:\Users\Thinkpad A485\Desktop\selfhosted_chatbot_core\selfhosted_chatbot_core\connectors\telegram_connector.py", line 33, in send_message
    r = requests.post(API_URL.format(token=self.token, method="sendMessage"),
                      json={"chat_id": thread_id, "text": text}, timeout=30)
  File "C:\Users\Thinkpad A485\Desktop\selfhosted_chatbot_core\venv\Lib\site-packages\requests\api.py", line 115, in post
    return request("post", url, data=data, json=json, **kwargs)
  File "C:\Users\Thinkpad A485\Desktop\selfhosted_chatbot_core\venv\Lib\site-packages\requests\api.py", line 59, in request
    return session.request(method=method, url=url, **kwargs)
           ~~~~~~~~~~~~~~~^^^^^^^^^^^^^^^^^^^^^^^^^^^^^^^^^^
  File "C:\Users\Thinkpad A485\Desktop\selfhosted_chatbot_core\venv\Lib\site-packages\requests\sessions.py", line 589, in request
    resp = self.send(prep, **send_kwargs)
  File "C:\Users\Thinkpad A485\Desktop\selfhosted_chatbot_core\venv\Lib\site-packages\requests\sessions.py", line 703, in send
    r = adapter.send(request, **kwargs)
  File "C:\Users\Thinkpad A485\Desktop\selfhosted_chatbot_core\venv\Lib\site-packages\requests\adapters.py", line 690, in send
    raise ReadTimeout(e, request=request)
requests.exceptions.ReadTimeout: HTTPSConnectionPool(host='api.telegram.org', port=443): Read timed out. (read timeout=30)
[2025-09-08 15:21:24] [INFO] ğŸ’¬ Tin nháº¯n má»›i tá»« 6562158780 (6562158780): hi
[2025-09-08 15:21:25] [INFO] ğŸ“¤ ÄÃ£ tráº£ lá»i 6562158780: ChÃ o báº¡n! MÃ¬nh cÃ³ thá»ƒ há»— trá»£ gÃ¬ hÃ´m nay?
[2025-09-08 15:22:20] [INFO] ğŸ” Health-check: OK
[2025-09-08 15:22:50] [INFO] ğŸš€ Bot khá»Ÿi Ä‘á»™ng...
[2025-09-08 15:22:52] [INFO] âœ… Connector 'telegram' sáºµn sÃ ng.
[2025-09-08 15:23:05] [INFO] ğŸ’¬ Tin nháº¯n má»›i tá»« 6562158780 (6562158780): ChÃ o
[2025-09-08 15:23:05] [INFO] ğŸ“¤ ÄÃ£ tráº£ lá»i 6562158780: ChÃ o báº¡n! MÃ¬nh cÃ³ thá»ƒ há»— trá»£ gÃ¬ hÃ´m nay?
[2025-09-08 15:23:40] [INFO] ğŸ’¬ Tin nháº¯n má»›i tá»« 6562158780 (6562158780): NgÃ y thÆ°Æ¡ng binh liá»‡t sÄ© lÃ  ngÃ y nÃ o ?
[2025-09-08 15:23:42] [INFO] ğŸ“¤ ÄÃ£ tráº£ lá»i 6562158780: NgÃ y 27 thÃ¡ng 7 hÃ ng nÄƒm.

[2025-09-08 15:23:54] [INFO] ğŸ’¬ Tin nháº¯n má»›i tá»« 6562158780 (6562158780): NÄƒm nÃ o ?
[2025-09-08 15:23:56] [INFO] ğŸ“¤ ÄÃ£ tráº£ lá»i 6562158780: NÄƒm 2023.

[2025-09-08 15:24:05] [INFO] ğŸ’¬ Tin nháº¯n má»›i tá»« 6562158780 (6562158780): ??
[2025-09-08 15:24:07] [INFO] ğŸ“¤ ÄÃ£ tráº£ lá»i 6562158780: Dáº¡, cÃ³ gÃ¬ mÃ¬nh giÃºp Ä‘Æ°á»£c áº¡?

[2025-09-08 15:24:15] [INFO] ğŸ’¬ Tin nháº¯n má»›i tá»« 6562158780 (6562158780): Ã€ ok
[2025-09-08 15:24:17] [INFO] ğŸ“¤ ÄÃ£ tráº£ lá»i 6562158780: Dáº¡, cÃ³ gÃ¬ cá»© nÃ³i nhÃ©!

[2025-09-08 15:42:54] [INFO] ğŸ” Health-check: OK
[2025-09-08 15:52:53] [INFO] ğŸ” Health-check: OK
[2025-09-08 15:53:34] [INFO] ğŸ’¬ Tin nháº¯n má»›i tá»« 6562158780 (6562158780): Ã€ hello
[2025-09-08 15:53:35] [INFO] ğŸ“¤ ÄÃ£ tráº£ lá»i 6562158780: ChÃ o báº¡n! MÃ¬nh cÃ³ thá»ƒ há»— trá»£ gÃ¬ hÃ´m nay?
[2025-09-08 15:53:39] [INFO] ğŸ’¬ Tin nháº¯n má»›i tá»« 6562158780 (6562158780): á»ª
[2025-09-08 15:53:42] [INFO] ğŸ“¤ ÄÃ£ tráº£ lá»i 6562158780: Dáº¡?

[2025-09-08 15:53:49] [INFO] ğŸ’¬ Tin nháº¯n má»›i tá»« 6562158780 (6562158780): :)))
[2025-09-08 15:53:51] [INFO] ğŸ“¤ ÄÃ£ tráº£ lá»i 6562158780: Dáº¡, cÃ³ gÃ¬ mÃ¬nh giÃºp Ä‘Æ°á»£c áº¡?

[2025-09-08 16:02:53] [INFO] ğŸ” Health-check: OK
[2025-09-08 16:12:53] [INFO] ğŸ” Health-check: OK
[2025-09-08 16:22:53] [INFO] ğŸ” Health-check: OK
[2025-09-08 16:32:38] [INFO] ğŸ’¬ Tin nháº¯n má»›i tá»« 6562158780 (6562158780): ChÃ o báº¡n nhÃ©
[2025-09-08 16:32:38] [INFO] ğŸ“¤ ÄÃ£ tráº£ lá»i 6562158780: ChÃ o báº¡n! MÃ¬nh cÃ³ thá»ƒ há»— trá»£ gÃ¬ hÃ´m nay?
[2025-09-08 16:32:53] [INFO] ğŸ” Health-check: OK
[2025-09-08 16:32:59] [INFO] ğŸ’¬ Tin nháº¯n má»›i tá»« 6562158780 (6562158780): CÃ³ thÃ©e cho tÃ´i bt thá»i tiáº¿t hÃ´m nayk
[2025-09-08 16:33:09] [INFO] ğŸ“¤ ÄÃ£ tráº£ lá»i 6562158780: ChÆ°a cÃ³ Ä‘á»§ thÃ´ng tin Ä‘á»ƒ tráº£ lá»i. Báº¡n cáº§n cho mÃ¬nh biáº¿t vá»‹ trÃ­ báº¡n muá»‘n biáº¿t thá»i tiáº¿t.

[2025-09-08 16:42:54] [INFO] ğŸ” Health-check: OK
[2025-09-08 16:52:53] [INFO] ğŸ” Health-check: OK
[2025-09-15 09:37:46] [INFO] ğŸš€ Bot khá»Ÿi Ä‘á»™ng...
[2025-09-15 09:37:48] [INFO] âœ… Connector 'telegram' sáºµn sÃ ng.
[2025-09-15 09:38:09] [INFO] ğŸ’¬ Tin nháº¯n má»›i tá»« 6562158780 (6562158780): ChÃ o
[2025-09-15 09:38:09] [INFO] ğŸ“¤ ÄÃ£ tráº£ lá»i 6562158780: ChÃ o báº¡n! MÃ¬nh cÃ³ thá»ƒ há»— trá»£ gÃ¬ hÃ´m nay?
[2025-09-15 09:38:15] [INFO] ğŸ’¬ Tin nháº¯n má»›i tá»« 6562158780 (6562158780): Hello
[2025-09-15 09:38:15] [INFO] ğŸ“¤ ÄÃ£ tráº£ lá»i 6562158780: ChÃ o báº¡n! MÃ¬nh cÃ³ thá»ƒ há»— trá»£ gÃ¬ hÃ´m nay?
[2025-09-15 09:38:24] [INFO] ğŸ’¬ Tin nháº¯n má»›i tá»« 6562158780 (6562158780): HÃ´m nay lÃ  ngÃ y máº¥y ?
[2025-09-15 09:38:27] [INFO] ğŸ“¤ ÄÃ£ tráº£ lá»i 6562158780: HÃ´m nay lÃ  ngÃ y 27 thÃ¡ng 10 nÄƒm 2023.

[2025-09-15 09:39:02] [INFO] ğŸ’¬ Tin nháº¯n má»›i tá»« 6562158780 (6562158780): Nháº¯c nhá»Ÿ tÃ´i lÃºc 8h
[2025-09-15 09:39:04] [INFO] ğŸ“¤ ÄÃ£ tráº£ lá»i 6562158780: OK. TÃ´i sáº½ nháº¯c báº¡n lÃºc 8 giá».

[2025-09-15 09:39:15] [INFO] ğŸ’¬ Tin nháº¯n má»›i tá»« 6562158780 (6562158780): 9h40 Ä‘i
[2025-09-15 09:39:17] [INFO] ğŸ“¤ ÄÃ£ tráº£ lá»i 6562158780: ÄÆ°á»£c rá»“i, 9h40 mÃ¬nh Ä‘i.

[2025-09-15 09:39:31] [INFO] ğŸ’¬ Tin nháº¯n má»›i tá»« 6562158780 (6562158780): LÃºc 9h40 nháº¯c nhá»Ÿ tÃ´i
[2025-09-15 09:39:33] [INFO] ğŸ“¤ ÄÃ£ tráº£ lá»i 6562158780: ÄÆ°á»£c rá»“i, 9h40 mÃ¬nh sáº½ nháº¯c báº¡n.

[2025-09-15 09:40:19] [INFO] ğŸ’¬ Tin nháº¯n má»›i tá»« 6562158780 (6562158780): 9h40 rá»“i sao k nháº¯c tÃ´i?
[2025-09-15 09:40:21] [INFO] ğŸ“¤ ÄÃ£ tráº£ lá»i 6562158780: Dáº¡ xin lá»—i, mÃ¬nh Ä‘Ã£ sÆ¡ suáº¥t.

[2025-09-15 09:47:50] [INFO] ğŸ” Health-check: OK
[2025-09-15 09:57:49] [INFO] ğŸ” Health-check: OK
[2025-09-15 10:07:05] [INFO] ğŸ’¬ Tin nháº¯n má»›i tá»« 6562158780 (6562158780): ChÃ o báº¡n cÃ³ thá»ƒ táº¡o cho tÃ´i 1 táº¥m áº£nh vá» con gáº¥u k ?
[2025-09-15 10:07:06] [INFO] ğŸ“¤ ÄÃ£ tráº£ lá»i 6562158780: ChÃ o báº¡n! MÃ¬nh cÃ³ thá»ƒ há»— trá»£ gÃ¬ hÃ´m nay?
[2025-09-15 10:07:10] [INFO] ğŸ’¬ Tin nháº¯n má»›i tá»« 6562158780 (6562158780): .
[2025-09-15 10:07:12] [INFO] ğŸ“¤ ÄÃ£ tráº£ lá»i 6562158780: Dáº¡, em sáºµn sÃ ng giÃºp gÃ¬ cho anh/chá»‹?

[2025-09-15 10:07:26] [INFO] ğŸ’¬ Tin nháº¯n má»›i tá»« 6562158780 (6562158780): Báº¡n cÃ³ thá»ƒ táº¡o cho tÃ´i 1 tÃ¢md áº£nh vá» con gáº¥u k ?
[2025-09-15 10:07:28] [INFO] ğŸ“¤ ÄÃ£ tráº£ lá»i 6562158780: TÃ´i khÃ´ng thá»ƒ táº¡o áº£nh. TÃ´i lÃ  má»™t mÃ´ hÃ¬nh ngÃ´n ngá»¯.

[2025-09-15 10:07:49] [INFO] ğŸ” Health-check: OK
[2025-09-15 10:08:00] [INFO] ğŸ’¬ Tin nháº¯n má»›i tá»« 6562158780 (6562158780): Váº­y viáº¿t cho tÃ´i 1 doáº¡n code python Ä‘Æ°á»£c k vd mÃ£ nguá»“n cá»§a chatbot Ä‘ang Ä‘iá»u khiá»ƒn báº¡n ?
[2025-09-15 10:08:02] [INFO] ğŸ“¤ ÄÃ£ tráº£ lá»i 6562158780: TÃ´i khÃ´ng thá»ƒ cung cáº¥p mÃ£ nguá»“n cá»§a chatbot Ä‘ang Ä‘iá»u khiá»ƒn tÃ´i vÃ¬ Ä‘Ã³ lÃ  thÃ´ng tin bÃ­ máº­t.  TÃ´i Ä‘Æ°á»£c huáº¥n luyá»‡n bá»Ÿi Google vÃ  hoáº¡t Ä‘á»™ng dá»±a trÃªn mÃ´ hÃ¬nh ngÃ´n ngá»¯ lá»›n, khÃ´ng pháº£i lÃ  má»™t chÆ°Æ¡ng trÃ¬nh Python Ä‘Æ¡n giáº£n cÃ³ thá»ƒ Ä‘Æ°á»£c chia sáº».

[2025-09-15 10:09:06] [INFO] ğŸ’¬ Tin nháº¯n má»›i tá»« 6562158780 (6562158780): Váº­y viáº¿t cho tÃ´i 1 Ä‘oáº¡n python Ä‘Æ¡n giáº£n Ä‘i
[2025-09-15 10:09:10] [INFO] ğŸ“¤ ÄÃ£ tráº£ lá»i 6562158780: ```python
print("Xin chÃ o tháº¿ giá»›i!") 
```

[2025-09-15 10:09:26] [INFO] ğŸ’¬ Tin nháº¯n má»›i tá»« 6562158780 (6562158780): DÃ i hÆ¡n Ä‘i tÃ m 200 Ä‘ong cÅ©ng Ä‘Æ°á»£c
[2025-09-15 10:09:31] [INFO] ğŸ“¤ ÄÃ£ tráº£ lá»i 6562158780: 200 Ä‘á»“ng khÃ´ng Ä‘á»§ mua gÃ¬ nhiá»u Ä‘Ã¢u báº¡n áº¡!  Chá»‰ mua Ä‘Æ°á»£c vÃ i viÃªn káº¹o thÃ´i. Muá»‘n mua nhiá»u hÆ¡n thÃ¬ báº¡n cáº§n nhiá»u tiá»n hÆ¡n nhÃ©! ğŸ˜Š

[2025-09-15 10:09:56] [INFO] ğŸ’¬ Tin nháº¯n má»›i tá»« 6562158780 (6562158780): Ã lÃ  viáº¿t dÃ i hÆ¡n Ä‘i
[2025-09-15 10:10:00] [INFO] ğŸ“¤ ÄÃ£ tráº£ lá»i 6562158780: (Lá»—i gá»i Gemini: 503 Server Error: Service Unavailable for url: https://generativelanguage.googleapis.com/v1beta/models/gemini-1.5-flash-latest:generateContent?key=AIzaSyBOJmyXRtPE0JPS92vNqIFi2vDxDHcqLeA)
[2025-09-15 10:10:13] [INFO] ğŸ’¬ Tin nháº¯n má»›i tá»« 6562158780 (6562158780): Háº¿t token r Ã  ğŸ¥²
[2025-09-15 10:10:16] [INFO] ğŸ“¤ ÄÃ£ tráº£ lá»i 6562158780: (Lá»—i gá»i Gemini: 503 Server Error: Service Unavailable for url: https://generativelanguage.googleapis.com/v1beta/models/gemini-1.5-flash-latest:generateContent?key=AIzaSyBOJmyXRtPE0JPS92vNqIFi2vDxDHcqLeA)
[2025-09-15 10:11:25] [INFO] ğŸ’¬ Tin nháº¯n má»›i tá»« 6562158780 (6562158780): Alo
[2025-09-15 10:11:26] [INFO] ğŸ“¤ ÄÃ£ tráº£ lá»i 6562158780: Alo!  ChÃ o báº¡n! CÃ³ gÃ¬ mÃ¬nh giÃºp Ä‘Æ°á»£c khÃ´ng?

[2025-09-15 10:17:49] [INFO] ğŸ” Health-check: OK
[2025-09-15 10:27:49] [INFO] ğŸ” Health-check: OK
[2025-09-15 10:37:49] [INFO] ğŸ” Health-check: OK
[2025-09-15 10:47:49] [INFO] ğŸ” Health-check: OK
[2025-09-15 12:51:02] [INFO] ğŸ’¬ Tin nháº¯n má»›i tá»« 6562158780 (6562158780): ChÃ o
[2025-09-15 12:51:02] [INFO] ğŸ“¤ ÄÃ£ tráº£ lá»i 6562158780: ChÃ o báº¡n! MÃ¬nh cÃ³ thá»ƒ há»— trá»£ gÃ¬ hÃ´m nay?
[2025-09-15 12:51:02] [INFO] ğŸ’¬ Tin nháº¯n má»›i tá»« 6562158780 (6562158780): ChÃ o
[2025-09-15 12:51:03] [INFO] ğŸ“¤ ÄÃ£ tráº£ lá»i 6562158780: ChÃ o báº¡n! MÃ¬nh cÃ³ thá»ƒ há»— trá»£ gÃ¬ hÃ´m nay?
[2025-09-15 12:51:06] [INFO] ğŸ’¬ Tin nháº¯n má»›i tá»« 6562158780 (6562158780): :)))
[2025-09-15 12:51:08] [INFO] ğŸ“¤ ÄÃ£ tráº£ lá»i 6562158780: :)))  ChÃ o báº¡n! CÃ³ gÃ¬ mÃ¬nh giÃºp Ä‘Æ°á»£c khÃ´ng?

[2025-09-15 12:51:21] [INFO] ğŸ’¬ Tin nháº¯n má»›i tá»« 6562158780 (6562158780): Háº¿t token r Ã  ğŸ¥²
[2025-09-15 12:51:23] [INFO] ğŸ“¤ ÄÃ£ tráº£ lá»i 6562158780: á»’, háº¿t token rá»“i sao?  Buá»“n quÃ¡!

[2025-09-15 12:51:37] [INFO] ğŸ’¬ Tin nháº¯n má»›i tá»« 6562158780 (6562158780): Báº¡n cÃ³ bá»‹ giá»›i háº¡n cÃ¢u tráº£ lá»i k
[2025-09-15 12:51:49] [INFO] ğŸ“¤ ÄÃ£ tráº£ lá»i 6562158780: CÃ³, tÃ´i cÃ³ giá»›i háº¡n vá» Ä‘á»™ dÃ i cÃ¢u tráº£ lá»i.

[2025-09-15 12:51:58] [INFO] ğŸ’¬ Tin nháº¯n má»›i tá»« 6562158780 (6562158780): Váº­y sá»‘ lÆ°á»£ng thÃ¬ s ?
[2025-09-15 12:52:00] [INFO] ğŸ“¤ ÄÃ£ tráº£ lá»i 6562158780: Sá»‘ lÆ°á»£ng thÃ¬ tÃ¹y thuá»™c vÃ o ngá»¯ cáº£nh.  Báº¡n cáº§n cho biáº¿t thÃªm thÃ´ng tin.

[2025-09-15 12:52:10] [INFO] ğŸ’¬ Tin nháº¯n má»›i tá»« 6562158780 (6562158780): ğŸ¥²ğŸ¥²ğŸ¥²
[2025-09-15 12:52:12] [INFO] ğŸ“¤ ÄÃ£ tráº£ lá»i 6562158780: Äá»«ng buá»“n ná»¯a nha! CÃ³ chuyá»‡n gÃ¬ váº­y?  ğŸ˜Š

[2025-09-15 12:53:20] [INFO] ğŸ’¬ Tin nháº¯n má»›i tá»« 6562158780 (6562158780): 1 ngÃ y báº¡n cÃ³ thá»ƒ tráº£ lá»i bao nhiÃªu cÃ¢u tráº£ lá»i vÃ  bao nhiÃªu cÃ¢u há»i
[2025-09-15 12:53:22] [INFO] ğŸ“¤ ÄÃ£ tráº£ lá»i 6562158780: TÃ´i cÃ³ thá»ƒ tráº£ lá»i ráº¥t nhiá»u cÃ¢u há»i vÃ  cÃ¢u tráº£ lá»i má»—i ngÃ y, khÃ´ng giá»›i háº¡n cá»¥ thá»ƒ.

[2025-09-15 12:53:35] [INFO] ğŸ’¬ Tin nháº¯n má»›i tá»« 6562158780 (6562158780): Ok báº£n free cá»§a báº¡n cÅ©ng v Ã 
[2025-09-15 12:53:37] [INFO] ğŸ“¤ ÄÃ£ tráº£ lá»i 6562158780: PhiÃªn báº£n miá»…n phÃ­ cá»§a tÃ´i cÃ³ nhá»¯ng háº¡n cháº¿.

[2025-09-15 12:53:46] [INFO] ğŸ’¬ Tin nháº¯n má»›i tá»« 6562158780 (6562158780): Háº¡n cháº¿ gÃ¬ ?
[2025-09-15 12:53:48] [INFO] ğŸ“¤ ÄÃ£ tráº£ lá»i 6562158780: TÃ´i bá»‹ háº¡n cháº¿ bá»Ÿi kiáº¿n thá»©c cá»§a mÃ¬nh, chá»‰ Ä‘áº¿n thá»i Ä‘iá»ƒm dá»¯ liá»‡u Ä‘Æ°á»£c huáº¥n luyá»‡n cuá»‘i cÃ¹ng.  TÃ´i khÃ´ng cÃ³ cáº£m xÃºc vÃ  khÃ´ng thá»ƒ thá»±c hiá»‡n cÃ¡c hÃ nh Ä‘á»™ng trong tháº¿ giá»›i thá»±c.

[2025-09-15 12:53:57] [INFO] ğŸ’¬ Tin nháº¯n má»›i tá»« 6562158780 (6562158780): Ok
[2025-09-15 12:53:59] [INFO] ğŸ“¤ ÄÃ£ tráº£ lá»i 6562158780: Ok!

[2025-09-15 12:54:09] [INFO] ğŸ’¬ Tin nháº¯n má»›i tá»« 6562158780 (6562158780): ğŸ˜€ğŸ˜€
[2025-09-15 12:54:12] [INFO] ğŸ“¤ ÄÃ£ tráº£ lá»i 6562158780: ChÃ o báº¡n! CÃ³ gÃ¬ mÃ¬nh giÃºp Ä‘Æ°á»£c khÃ´ng?

[2025-09-15 12:57:36] [INFO] ğŸ’¬ Tin nháº¯n má»›i tá»« 6562158780 (6562158780): CÃ³ thá»ƒ cháº¡y bot cháº¡y báº±ng python trÃªn cloude phone Ä‘Æ°á»£c k ?
[2025-09-15 12:57:38] [INFO] ğŸ“¤ ÄÃ£ tráº£ lá»i 6562158780: KhÃ´ng. Cloud phone lÃ  dá»‹ch vá»¥ Ä‘iá»‡n thoáº¡i trÃªn Ä‘Ã¡m mÃ¢y, khÃ´ng cÃ³ mÃ´i trÆ°á»ng Ä‘á»ƒ cháº¡y mÃ£ Python.  Báº¡n cáº§n má»™t server hoáº·c má»™t ná»n táº£ng cloud computing (nhÆ° Google Cloud, AWS, Azure) Ä‘á»ƒ cháº¡y bot Python.

[2025-09-15 12:57:57] [INFO] ğŸ’¬ Tin nháº¯n má»›i tá»« 6562158780 (6562158780): CÃ i thÃªm Ä‘Æ°á»£c k
[2025-09-15 12:57:58] [INFO] ğŸ” Health-check: OK
[2025-09-15 12:57:59] [INFO] ğŸ“¤ ÄÃ£ tráº£ lá»i 6562158780: CÃ i thÃªm Ä‘Æ°á»£c khÃ´ng?  Phá»¥ thuá»™c vÃ o ngá»¯ cáº£nh. Báº¡n cáº§n nÃ³i rÃµ muá»‘n cÃ i thÃªm gÃ¬.

[2025-09-15 12:58:05] [INFO] ğŸ’¬ Tin nháº¯n má»›i tá»« 6562158780 (6562158780): Hay cáº§n replit
[2025-09-15 12:58:07] [INFO] ğŸ“¤ ÄÃ£ tráº£ lá»i 6562158780: Replit lÃ  má»™t ná»n táº£ng láº­p trÃ¬nh trá»±c tuyáº¿n.  Báº¡n cáº§n nÃ³ tÃ¹y thuá»™c vÃ o má»¥c Ä‘Ã­ch cá»§a báº¡n.  Náº¿u báº¡n cáº§n láº­p trÃ¬nh trá»±c tuyáº¿n hoáº·c cá»™ng tÃ¡c, thÃ¬ cÃ³ thá»ƒ cáº§n.

[2025-09-15 13:07:49] [INFO] ğŸ” Health-check: OK
[2025-09-15 13:13:11] [INFO] ğŸ’¬ Tin nháº¯n má»›i tá»« 6562158780 (6562158780): ')))
[2025-09-15 13:13:13] [INFO] ğŸ“¤ ÄÃ£ tráº£ lá»i 6562158780: Dáº¡, tÃ´i Ä‘ang láº¯ng nghe.  Báº¡n cáº§n gÃ¬?

[2025-09-15 13:13:27] [INFO] ğŸ’¬ Tin nháº¯n má»›i tá»« 6562158780 (6562158780): ChÃ o
[2025-09-15 13:13:28] [INFO] ğŸ“¤ ÄÃ£ tráº£ lá»i 6562158780: ChÃ o báº¡n! MÃ¬nh cÃ³ thá»ƒ há»— trá»£ gÃ¬ hÃ´m nay?
[2025-09-15 13:13:54] [INFO] ğŸ’¬ Tin nháº¯n má»›i tá»« 6562158780 (6562158780): ChÃ o
[2025-09-15 13:13:55] [INFO] ğŸ“¤ ÄÃ£ tráº£ lá»i 6562158780: ChÃ o báº¡n! MÃ¬nh cÃ³ thá»ƒ há»— trá»£ gÃ¬ hÃ´m nay?
